  SphericalMapping.cpp
SphericalMapping.cpp(77): warning C4244: “参数”: 从“double”转换到“int”，可能丢失数据
SphericalMapping.cpp(90): warning C4244: “参数”: 从“double”转换到“int”，可能丢失数据
SphericalMapping.cpp(106): warning C4244: “初始化”: 从“double”转换到“int”，可能丢失数据
SphericalMapping.cpp(171): warning C4244: “参数”: 从“double”转换到“float”，可能丢失数据
SphericalMapping.cpp(185): warning C4244: “参数”: 从“double”转换到“float”，可能丢失数据
SphericalMapping.cpp(189): warning C4244: “=”: 从“double”转换到“int”，可能丢失数据
SphericalMapping.cpp(190): warning C4244: “=”: 从“double”转换到“int”，可能丢失数据
SphericalMapping.cpp(221): warning C4244: “参数”: 从“double”转换到“float”，可能丢失数据
SphericalMapping.cpp(236): warning C4244: “=”: 从“double”转换到“int”，可能丢失数据
SphericalMapping.cpp(237): warning C4244: “=”: 从“double”转换到“int”，可能丢失数据
SphericalMapping.cpp(120): warning C4101: “r”: 未引用的局部变量
SphericalMapping.cpp(337): warning C4244: “参数”: 从“int”转换到“float”，可能丢失数据
SphericalMapping.cpp(344): warning C4244: “/=”: 从“double”转换到“float”，可能丢失数据
SphericalMapping.cpp(345): warning C4244: “/=”: 从“double”转换到“float”，可能丢失数据
SphericalMapping.cpp(346): warning C4244: “/=”: 从“double”转换到“float”，可能丢失数据
SphericalMapping.cpp(371): warning C4244: “参数”: 从“double”转换到“float”，可能丢失数据
SphericalMapping.cpp(410): warning C4244: “参数”: 从“double”转换到“int”，可能丢失数据
SphericalMapping.cpp(317): warning C4101: “v_latitude”: 未引用的局部变量
SphericalMapping.cpp(317): warning C4101: “u_latitude”: 未引用的局部变量
SphericalMapping.cpp(299): warning C4101: “r”: 未引用的局部变量
SphericalMapping.cpp(504): warning C4244: “参数”: 从“int”转换到“float”，可能丢失数据
SphericalMapping.cpp(511): warning C4244: “/=”: 从“double”转换到“float”，可能丢失数据
SphericalMapping.cpp(512): warning C4244: “/=”: 从“double”转换到“float”，可能丢失数据
SphericalMapping.cpp(513): warning C4244: “/=”: 从“double”转换到“float”，可能丢失数据
SphericalMapping.cpp(544): warning C4244: “参数”: 从“double”转换到“float”，可能丢失数据
SphericalMapping.cpp(558): warning C4244: “参数”: 从“double”转换到“float”，可能丢失数据
SphericalMapping.cpp(559): warning C4244: “参数”: 从“double”转换到“float”，可能丢失数据
SphericalMapping.cpp(560): warning C4244: “参数”: 从“double”转换到“float”，可能丢失数据
SphericalMapping.cpp(580): warning C4244: “参数”: 从“double”转换到“float”，可能丢失数据
SphericalMapping.cpp(619): warning C4244: “参数”: 从“double”转换到“int”，可能丢失数据
SphericalMapping.cpp(484): warning C4101: “v_latitude”: 未引用的局部变量
SphericalMapping.cpp(484): warning C4101: “u_latitude”: 未引用的局部变量
SphericalMapping.cpp(466): warning C4101: “r”: 未引用的局部变量
SphericalMapping.cpp(771): warning C4244: “参数”: 从“int”转换到“float”，可能丢失数据
SphericalMapping.cpp(778): warning C4244: “/=”: 从“double”转换到“float”，可能丢失数据
SphericalMapping.cpp(779): warning C4244: “/=”: 从“double”转换到“float”，可能丢失数据
SphericalMapping.cpp(780): warning C4244: “/=”: 从“double”转换到“float”，可能丢失数据
SphericalMapping.cpp(810): warning C4244: “参数”: 从“double”转换到“float”，可能丢失数据
SphericalMapping.cpp(824): warning C4244: “参数”: 从“double”转换到“float”，可能丢失数据
SphericalMapping.cpp(825): warning C4244: “参数”: 从“double”转换到“float”，可能丢失数据
SphericalMapping.cpp(826): warning C4244: “参数”: 从“double”转换到“float”，可能丢失数据
SphericalMapping.cpp(846): warning C4244: “参数”: 从“double”转换到“float”，可能丢失数据
SphericalMapping.cpp(885): warning C4244: “参数”: 从“double”转换到“int”，可能丢失数据
SphericalMapping.cpp(749): warning C4101: “v_latitude”: 未引用的局部变量
SphericalMapping.cpp(749): warning C4101: “u_latitude”: 未引用的局部变量
SphericalMapping.cpp(731): warning C4101: “r”: 未引用的局部变量
SphericalMapping.cpp(1064): warning C4244: “参数”: 从“double”转换到“float”，可能丢失数据
SphericalMapping.cpp(1080): warning C4244: “参数”: 从“double”转换到“float”，可能丢失数据
SphericalMapping.cpp(1093): warning C4244: “=”: 从“double”转换到“int”，可能丢失数据
SphericalMapping.cpp(1095): warning C4244: “=”: 从“double”转换到“int”，可能丢失数据
SphericalMapping.cpp(1014): warning C4101: “r”: 未引用的局部变量
  正在生成代码
  22 of 930 functions ( 2.4%) were compiled, the rest were copied from previous compilation.
    0 functions were new in current compilation
    3 functions had inline decision re-evaluated but remain unchanged
  已完成代码的生成
  MyCalibration.vcxproj -> C:\Users\asus\Desktop\MyCalibration\x64\Release\MyCalibration.exe
